<?xml version="1.0" encoding="UTF-8"?>
<!DOCTYPE beans PUBLIC "-//SPRING//DTD BEAN//EN"
        "http://www.springframework.org/dtd/spring-beans.dtd">
<beans>

    <bean id="hibernateInterceptor"
        class="org.springframework.orm.hibernate3.HibernateInterceptor">
        <property name="sessionFactory">
            <ref bean="sessionFactory"/>
        </property>
    </bean>

    <bean id="transactionInterceptor"
        class="org.springframework.transaction.interceptor.TransactionInterceptor">
        <property name="transactionManager">
            <ref bean="transactionManager"/>
        </property>
        <property name="transactionAttributes">
            <props>
                <prop key="*">PROPAGATION_REQUIRED</prop>
            </props>
        </property>
    </bean>

    <!--
      ||
      -->

    <bean id="workflowModelDaoTarget" class="flox.model.WorkflowModelDaoImpl">
        <property name="sessionFactory">
            <ref bean="sessionFactory"/>
        </property>
    </bean>

    <bean id="workflowModelDao" class="org.springframework.aop.framework.ProxyFactoryBean">
        <property name="proxyInterfaces">
            <value>flox.model.WorkflowModelDao</value>
        </property>
        <property name="interceptorNames">
            <list>
                <!--
                <value>transactionInterceptor</value>
                -->
                <value>hibernateInterceptor</value>
                <value>workflowModelDaoTarget</value>
            </list>
        </property>
    </bean>

    <bean id="stateModelDaoTarget" class="flox.model.StateModelDaoImpl">
        <property name="sessionFactory">
            <ref bean="sessionFactory"/>
        </property>
    </bean>

    <bean id="stateModelDao" class="org.springframework.aop.framework.ProxyFactoryBean">
        <property name="proxyInterfaces">
            <value>flox.model.StateModelDao</value>
        </property>
        <property name="interceptorNames">
            <list>
                <!--
                <value>transactionInterceptor</value>
                -->
                <value>hibernateInterceptor</value>
                <value>stateModelDaoTarget</value>
            </list>
        </property>
    </bean>
	
    <bean id="projectModelDaoTarget" class="flox.model.ProjectModelDaoImpl">
        <property name="sessionFactory">
            <ref bean="sessionFactory"/>
        </property>
    </bean>

    <bean id="projectModelDao" class="org.springframework.aop.framework.ProxyFactoryBean">
        <property name="proxyInterfaces">
            <value>flox.model.ProjectModelDao</value>
        </property>
        <property name="interceptorNames">
            <list>
                <value>hibernateInterceptor</value>
                <value>projectModelDaoTarget</value>
            </list>
        </property>
    </bean>

</beans>
