<?xml version="1.0" encoding="UTF-8"?>
<!DOCTYPE beans PUBLIC "-//SPRING//DTD BEAN//EN"
        "http://www.springframework.org/dtd/spring-beans.dtd">
<beans>

    <bean id="projectModelDaoTarget" class="flox.model.ProjectModelDaoImpl">
        <property name="sessionFactory">
            <ref bean="sessionFactory"/>
        </property>
    </bean>

    <bean id="projectModelDao" class="org.springframework.aop.framework.ProxyFactoryBean">
        <property name="proxyInterfaces">
            <value>flox.model.ProjectModelDao</value>
        </property>
        <property name="interceptorNames">
            <list>
                <value>hibernateInterceptor</value>
                <value>projectModelDaoTarget</value>
            </list>
        </property>
    </bean>

</beans>
